<?xml version="1.0" encoding="UTF-8"?>
<!-- Generated by org.testng.reporters.JUnitReportReporter -->
<testsuite name="May14.Test4" tests="2" time="0.004" ignored="0" failures="0" timestamp="19 Aug 2009 20:28:25 GMT" skipped="0" hostname="Aishwarya-PC" errors="0">
  <testcase name="m11" time="0.002" classname="May14.Test4"/>
  <testcase name="m10" time="0.002" classname="May14.Test4"/>
</testsuite> <!-- May14.Test4 -->
